android/app/build/intermediates/manifest_merge_blame_file/debug/manifest-merger-blame-debug-report.txt
1<?xml version="1.0" encoding="utf-8"?>
2<manifest xmlns:android="http://schemas.android.com/apk/res/android"
3    package="com.mooli.devpush"
4    android:versionCode="1"
5    android:versionName="1.0" >
6
7    <uses-sdk
8        android:minSdkVersion="22"
8-->src\main\AndroidManifest.xml
9        android:targetSdkVersion="32" />
9-->src\main\AndroidManifest.xml
10
11    <uses-permission android:name="android.permission.INTERNET" />
11-->src\main\AndroidManifest.xml:5:5-67
11-->src\main\AndroidManifest.xml:5:22-64
12    <uses-permission android:name="android.permission.SCHEDULE_EXACT_ALARM" />
12-->src\main\AndroidManifest.xml:6:5-79
12-->src\main\AndroidManifest.xml:6:22-76
13
14    <!-- Permissions -->
15
16    <uses-permission android:name="android.permission.INTERNET" />
16-->src\main\AndroidManifest.xml:5:5-67
16-->src\main\AndroidManifest.xml:5:22-64
17
18    <queries>
18-->[:capacitor-camera] AndroidManifest.xml:9:5-13:15
19        <intent>
19-->[:capacitor-camera] AndroidManifest.xml:10:9-12:18
20            <action android:name="android.media.action.IMAGE_CAPTURE" />
20-->[:capacitor-camera] AndroidManifest.xml:11:13-73
20-->[:capacitor-camera] AndroidManifest.xml:11:21-70
21        </intent>
22    </queries>
23
24    <uses-permission android:name="android.permission.VIBRATE" />
24-->[:capacitor-haptics] AndroidManifest.xml:9:5-66
24-->[:capacitor-haptics] AndroidManifest.xml:9:22-63
25    <uses-permission android:name="android.permission.RECEIVE_BOOT_COMPLETED" />
25-->[:capacitor-local-notifications] AndroidManifest.xml:9:5-81
25-->[:capacitor-local-notifications] AndroidManifest.xml:9:22-78
26    <uses-permission android:name="android.permission.WAKE_LOCK" />
26-->[:capacitor-local-notifications] AndroidManifest.xml:10:5-68
26-->[:capacitor-local-notifications] AndroidManifest.xml:10:22-65
27    <uses-permission android:name="android.permission.ACCESS_NETWORK_STATE" /> <!-- Required by older versions of Google Play services to create IID tokens -->
27-->[:capacitor-network] AndroidManifest.xml:9:5-79
27-->[:capacitor-network] AndroidManifest.xml:9:22-76
28    <uses-permission android:name="com.google.android.c2dm.permission.RECEIVE" />
28-->[com.google.firebase:firebase-messaging:23.0.5] AndroidManifest.xml:28:5-82
28-->[com.google.firebase:firebase-messaging:23.0.5] AndroidManifest.xml:28:22-79
29
30    <application
30-->src\main\AndroidManifest.xml:7:5-40:19
31        android:allowBackup="true"
31-->src\main\AndroidManifest.xml:8:9-35
32        android:appComponentFactory="androidx.core.app.CoreComponentFactory"
32-->[androidx.core:core:1.8.0] AndroidManifest.xml:24:18-86
33        android:debuggable="true"
34        android:icon="@mipmap/ic_launcher"
34-->src\main\AndroidManifest.xml:9:9-43
35        android:label="@string/app_name"
35-->src\main\AndroidManifest.xml:10:9-41
36        android:roundIcon="@mipmap/ic_launcher_round"
36-->src\main\AndroidManifest.xml:11:9-54
37        android:supportsRtl="true"
37-->src\main\AndroidManifest.xml:12:9-35
38        android:theme="@style/AppTheme"
38-->src\main\AndroidManifest.xml:13:9-40
39        android:usesCleartextTraffic="true" >
39-->src\main\AndroidManifest.xml:14:9-44
40        <activity
40-->src\main\AndroidManifest.xml:16:9-29:20
41            android:name="io.ionic.starter.MainActivity"
41-->src\main\AndroidManifest.xml:18:13-57
42            android:configChanges="orientation|keyboardHidden|keyboard|screenSize|locale|smallestScreenSize|screenLayout|uiMode"
42-->src\main\AndroidManifest.xml:17:13-129
43            android:exported="true"
43-->src\main\AndroidManifest.xml:22:13-36
44            android:label="@string/title_activity_main"
44-->src\main\AndroidManifest.xml:19:13-56
45            android:launchMode="singleTask"
45-->src\main\AndroidManifest.xml:21:13-44
46            android:theme="@style/AppTheme.NoActionBarLaunch" >
46-->src\main\AndroidManifest.xml:20:13-62
47            <intent-filter>
47-->src\main\AndroidManifest.xml:24:13-27:29
48                <action android:name="android.intent.action.MAIN" />
48-->src\main\AndroidManifest.xml:25:17-69
48-->src\main\AndroidManifest.xml:25:25-66
49
50                <category android:name="android.intent.category.LAUNCHER" />
50-->src\main\AndroidManifest.xml:26:17-77
50-->src\main\AndroidManifest.xml:26:27-74
51            </intent-filter>
52        </activity>
53
54        <provider
55            android:name="androidx.core.content.FileProvider"
55-->src\main\AndroidManifest.xml:32:13-62
56            android:authorities="com.mooli.devpush.fileprovider"
56-->src\main\AndroidManifest.xml:33:13-64
57            android:exported="false"
57-->src\main\AndroidManifest.xml:34:13-37
58            android:grantUriPermissions="true" >
58-->src\main\AndroidManifest.xml:35:13-47
59            <meta-data
59-->src\main\AndroidManifest.xml:36:13-38:64
60                android:name="android.support.FILE_PROVIDER_PATHS"
60-->src\main\AndroidManifest.xml:37:17-67
61                android:resource="@xml/file_paths" />
61-->src\main\AndroidManifest.xml:38:17-51
62        </provider>
63
64        <receiver android:name="com.capacitorjs.plugins.localnotifications.TimedNotificationPublisher" />
64-->[:capacitor-local-notifications] AndroidManifest.xml:13:9-106
64-->[:capacitor-local-notifications] AndroidManifest.xml:13:19-103
65        <receiver android:name="com.capacitorjs.plugins.localnotifications.NotificationDismissReceiver" />
65-->[:capacitor-local-notifications] AndroidManifest.xml:14:9-107
65-->[:capacitor-local-notifications] AndroidManifest.xml:14:19-104
66        <receiver
66-->[:capacitor-local-notifications] AndroidManifest.xml:15:9-24:20
67            android:name="com.capacitorjs.plugins.localnotifications.LocalNotificationRestoreReceiver"
67-->[:capacitor-local-notifications] AndroidManifest.xml:16:13-103
68            android:directBootAware="true"
68-->[:capacitor-local-notifications] AndroidManifest.xml:17:13-43
69            android:exported="false" >
69-->[:capacitor-local-notifications] AndroidManifest.xml:18:13-37
70            <intent-filter>
70-->[:capacitor-local-notifications] AndroidManifest.xml:19:13-23:29
71                <action android:name="android.intent.action.LOCKED_BOOT_COMPLETED" />
71-->[:capacitor-local-notifications] AndroidManifest.xml:20:17-86
71-->[:capacitor-local-notifications] AndroidManifest.xml:20:25-83
72                <action android:name="android.intent.action.BOOT_COMPLETED" />
72-->[:capacitor-local-notifications] AndroidManifest.xml:21:17-79
72-->[:capacitor-local-notifications] AndroidManifest.xml:21:25-76
73                <action android:name="android.intent.action.QUICKBOOT_POWERON" />
73-->[:capacitor-local-notifications] AndroidManifest.xml:22:17-82
73-->[:capacitor-local-notifications] AndroidManifest.xml:22:25-79
74            </intent-filter>
75        </receiver>
76
77        <service
77-->[:capacitor-push-notifications] AndroidManifest.xml:10:9-16:19
78            android:name="com.capacitorjs.plugins.pushnotifications.MessagingService"
78-->[:capacitor-push-notifications] AndroidManifest.xml:11:13-86
79            android:exported="false" >
79-->[:capacitor-push-notifications] AndroidManifest.xml:12:13-37
80            <intent-filter>
80-->[:capacitor-push-notifications] AndroidManifest.xml:13:13-15:29
81                <action android:name="com.google.firebase.MESSAGING_EVENT" />
81-->[:capacitor-push-notifications] AndroidManifest.xml:14:17-78
81-->[:capacitor-push-notifications] AndroidManifest.xml:14:25-75
82            </intent-filter>
83        </service>
84
85        <receiver
85-->[com.google.firebase:firebase-messaging:23.0.5] AndroidManifest.xml:31:9-38:20
86            android:name="com.google.firebase.iid.FirebaseInstanceIdReceiver"
86-->[com.google.firebase:firebase-messaging:23.0.5] AndroidManifest.xml:32:13-78
87            android:exported="true"
87-->[com.google.firebase:firebase-messaging:23.0.5] AndroidManifest.xml:33:13-36
88            android:permission="com.google.android.c2dm.permission.SEND" >
88-->[com.google.firebase:firebase-messaging:23.0.5] AndroidManifest.xml:34:13-73
89            <intent-filter>
89-->[com.google.firebase:firebase-messaging:23.0.5] AndroidManifest.xml:35:13-37:29
90                <action android:name="com.google.android.c2dm.intent.RECEIVE" />
90-->[com.google.firebase:firebase-messaging:23.0.5] AndroidManifest.xml:36:17-81
90-->[com.google.firebase:firebase-messaging:23.0.5] AndroidManifest.xml:36:25-78
91            </intent-filter>
92        </receiver>
93        <!--
94             FirebaseMessagingService performs security checks at runtime,
95             but set to not exported to explicitly avoid allowing another app to call it.
96        -->
97        <service
97-->[com.google.firebase:firebase-messaging:23.0.5] AndroidManifest.xml:44:9-51:19
98            android:name="com.google.firebase.messaging.FirebaseMessagingService"
98-->[com.google.firebase:firebase-messaging:23.0.5] AndroidManifest.xml:45:13-82
99            android:directBootAware="true"
99-->[com.google.firebase:firebase-messaging:23.0.5] AndroidManifest.xml:46:13-43
100            android:exported="false" >
100-->[com.google.firebase:firebase-messaging:23.0.5] AndroidManifest.xml:47:13-37
101            <intent-filter android:priority="-500" >
101-->[:capacitor-push-notifications] AndroidManifest.xml:13:13-15:29
102                <action android:name="com.google.firebase.MESSAGING_EVENT" />
102-->[:capacitor-push-notifications] AndroidManifest.xml:14:17-78
102-->[:capacitor-push-notifications] AndroidManifest.xml:14:25-75
103            </intent-filter>
104        </service>
105        <service
105-->[com.google.firebase:firebase-messaging:23.0.5] AndroidManifest.xml:52:9-58:19
106            android:name="com.google.firebase.components.ComponentDiscoveryService"
106-->[com.google.firebase:firebase-messaging:23.0.5] AndroidManifest.xml:53:13-84
107            android:directBootAware="true"
107-->[com.google.firebase:firebase-common:20.1.1] AndroidManifest.xml:35:13-43
108            android:exported="false" >
108-->[com.google.firebase:firebase-messaging:23.0.5] AndroidManifest.xml:54:13-37
109            <meta-data
109-->[com.google.firebase:firebase-messaging:23.0.5] AndroidManifest.xml:55:13-57:85
110                android:name="com.google.firebase.components:com.google.firebase.messaging.FirebaseMessagingRegistrar"
110-->[com.google.firebase:firebase-messaging:23.0.5] AndroidManifest.xml:56:17-119
111                android:value="com.google.firebase.components.ComponentRegistrar" />
111-->[com.google.firebase:firebase-messaging:23.0.5] AndroidManifest.xml:57:17-82
112            <meta-data
112-->[com.google.firebase:firebase-datatransport:18.1.4] AndroidManifest.xml:28:13-30:85
113                android:name="com.google.firebase.components:com.google.firebase.datatransport.TransportRegistrar"
113-->[com.google.firebase:firebase-datatransport:18.1.4] AndroidManifest.xml:29:17-115
114                android:value="com.google.firebase.components.ComponentRegistrar" />
114-->[com.google.firebase:firebase-datatransport:18.1.4] AndroidManifest.xml:30:17-82
115            <meta-data
115-->[com.google.firebase:firebase-installations:17.0.1] AndroidManifest.xml:18:13-20:85
116                android:name="com.google.firebase.components:com.google.firebase.installations.FirebaseInstallationsRegistrar"
116-->[com.google.firebase:firebase-installations:17.0.1] AndroidManifest.xml:19:17-127
117                android:value="com.google.firebase.components.ComponentRegistrar" />
117-->[com.google.firebase:firebase-installations:17.0.1] AndroidManifest.xml:20:17-82
118        </service>
119
120        <activity
120-->[com.google.android.gms:play-services-base:18.0.1] AndroidManifest.xml:20:9-22:45
121            android:name="com.google.android.gms.common.api.GoogleApiActivity"
121-->[com.google.android.gms:play-services-base:18.0.1] AndroidManifest.xml:20:19-85
122            android:exported="false"
122-->[com.google.android.gms:play-services-base:18.0.1] AndroidManifest.xml:22:19-43
123            android:theme="@android:style/Theme.Translucent.NoTitleBar" />
123-->[com.google.android.gms:play-services-base:18.0.1] AndroidManifest.xml:21:19-78
124
125        <provider
125-->[com.google.firebase:firebase-common:20.1.1] AndroidManifest.xml:26:9-31:39
126            android:name="com.google.firebase.provider.FirebaseInitProvider"
126-->[com.google.firebase:firebase-common:20.1.1] AndroidManifest.xml:27:13-77
127            android:authorities="com.mooli.devpush.firebaseinitprovider"
127-->[com.google.firebase:firebase-common:20.1.1] AndroidManifest.xml:28:13-72
128            android:directBootAware="true"
128-->[com.google.firebase:firebase-common:20.1.1] AndroidManifest.xml:29:13-43
129            android:exported="false"
129-->[com.google.firebase:firebase-common:20.1.1] AndroidManifest.xml:30:13-37
130            android:initOrder="100" />
130-->[com.google.firebase:firebase-common:20.1.1] AndroidManifest.xml:31:13-36
131
132        <meta-data
132-->[com.google.android.gms:play-services-basement:18.0.0] AndroidManifest.xml:21:9-23:69
133            android:name="com.google.android.gms.version"
133-->[com.google.android.gms:play-services-basement:18.0.0] AndroidManifest.xml:22:13-58
134            android:value="@integer/google_play_services_version" />
134-->[com.google.android.gms:play-services-basement:18.0.0] AndroidManifest.xml:23:13-66
135
136        <provider
136-->[androidx.emoji2:emoji2:1.0.0] AndroidManifest.xml:26:9-34:20
137            android:name="androidx.startup.InitializationProvider"
137-->[androidx.emoji2:emoji2:1.0.0] AndroidManifest.xml:27:13-67
138            android:authorities="com.mooli.devpush.androidx-startup"
138-->[androidx.emoji2:emoji2:1.0.0] AndroidManifest.xml:28:13-68
139            android:exported="false" >
139-->[androidx.emoji2:emoji2:1.0.0] AndroidManifest.xml:29:13-37
140            <meta-data
140-->[androidx.emoji2:emoji2:1.0.0] AndroidManifest.xml:31:13-33:52
141                android:name="androidx.emoji2.text.EmojiCompatInitializer"
141-->[androidx.emoji2:emoji2:1.0.0] AndroidManifest.xml:32:17-75
142                android:value="androidx.startup" />
142-->[androidx.emoji2:emoji2:1.0.0] AndroidManifest.xml:33:17-49
143            <meta-data
143-->[androidx.lifecycle:lifecycle-process:2.4.0] AndroidManifest.xml:31:13-33:52
144                android:name="androidx.lifecycle.ProcessLifecycleInitializer"
144-->[androidx.lifecycle:lifecycle-process:2.4.0] AndroidManifest.xml:32:17-78
145                android:value="androidx.startup" />
145-->[androidx.lifecycle:lifecycle-process:2.4.0] AndroidManifest.xml:33:17-49
146        </provider>
147
148        <service
148-->[com.google.android.datatransport:transport-backend-cct:3.1.5] AndroidManifest.xml:29:9-35:19
149            android:name="com.google.android.datatransport.runtime.backends.TransportBackendDiscovery"
149-->[com.google.android.datatransport:transport-backend-cct:3.1.5] AndroidManifest.xml:30:13-103
150            android:exported="false" >
150-->[com.google.android.datatransport:transport-backend-cct:3.1.5] AndroidManifest.xml:31:13-37
151            <meta-data
151-->[com.google.android.datatransport:transport-backend-cct:3.1.5] AndroidManifest.xml:32:13-34:39
152                android:name="backend:com.google.android.datatransport.cct.CctBackendFactory"
152-->[com.google.android.datatransport:transport-backend-cct:3.1.5] AndroidManifest.xml:33:17-94
153                android:value="cct" />
153-->[com.google.android.datatransport:transport-backend-cct:3.1.5] AndroidManifest.xml:34:17-36
154        </service>
155        <service
155-->[com.google.android.datatransport:transport-runtime:3.1.5] AndroidManifest.xml:26:9-30:19
156            android:name="com.google.android.datatransport.runtime.scheduling.jobscheduling.JobInfoSchedulerService"
156-->[com.google.android.datatransport:transport-runtime:3.1.5] AndroidManifest.xml:27:13-117
157            android:exported="false"
157-->[com.google.android.datatransport:transport-runtime:3.1.5] AndroidManifest.xml:28:13-37
158            android:permission="android.permission.BIND_JOB_SERVICE" >
158-->[com.google.android.datatransport:transport-runtime:3.1.5] AndroidManifest.xml:29:13-69
159        </service>
160
161        <receiver
161-->[com.google.android.datatransport:transport-runtime:3.1.5] AndroidManifest.xml:32:9-34:40
162            android:name="com.google.android.datatransport.runtime.scheduling.jobscheduling.AlarmManagerSchedulerBroadcastReceiver"
162-->[com.google.android.datatransport:transport-runtime:3.1.5] AndroidManifest.xml:33:13-132
163            android:exported="false" />
163-->[com.google.android.datatransport:transport-runtime:3.1.5] AndroidManifest.xml:34:13-37
164    </application>
165
166</manifest>